<?xml version="1.0" encoding="UTF-8"?>
<!-- Generated by org.testng.reporters.JUnitReportReporter -->
<testsuite hostname="DESKTOP-SFK9CP8" failures="0" tests="2" name="com.crm.qa.tests.LoginPageTest" time="45.725" errors="0" timestamp="21 Dec 2019 18:43:32 GMT" skipped="0">
  <testcase classname="com.crm.qa.tests.LoginPageTest" name="loginPageTitleTest" time="20.600"/>
  <testcase classname="com.crm.qa.tests.LoginPageTest" name="loginTest" time="25.125"/>
</testsuite> <!-- com.crm.qa.tests.LoginPageTest -->
