<?xml version="1.0" encoding="UTF-8"?>
<!-- Generated by org.testng.reporters.JUnitReportReporter -->
<testsuite hostname="DESKTOP-SFK9CP8" failures="0" tests="3" name="com.crm.qa.tests.HomePageTest" time="61.818" errors="0" timestamp="21 Dec 2019 18:43:32 GMT" skipped="0">
  <testcase classname="com.crm.qa.tests.HomePageTest" name="verifyHomePageTitleTest" time="19.448"/>
  <testcase classname="com.crm.qa.tests.HomePageTest" name="verifyContactslinkTest" time="22.344"/>
  <testcase classname="com.crm.qa.tests.HomePageTest" name="verifyContactsLinkTest" time="20.026"/>
</testsuite> <!-- com.crm.qa.tests.HomePageTest -->
