<?xml version="1.0" encoding="UTF-8"?>
<!-- Generated by org.testng.reporters.JUnitReportReporter -->
<testsuite hostname="DESKTOP-SFK9CP8" failures="0" tests="10" name="com.test.InvokationCountTest" time="0.024" errors="0" timestamp="2019-12-15T17:21:13 CST" skipped="0">
  <testcase classname="com.test.InvokationCountTest" name="sum" time="0.001"/>
  <testcase classname="com.test.InvokationCountTest" name="sum" time="0.001"/>
  <testcase classname="com.test.InvokationCountTest" name="sum" time="0.008"/>
  <testcase classname="com.test.InvokationCountTest" name="sum" time="0.002"/>
  <testcase classname="com.test.InvokationCountTest" name="sum" time="0.003"/>
  <testcase classname="com.test.InvokationCountTest" name="sum" time="0.001"/>
  <testcase classname="com.test.InvokationCountTest" name="sum" time="0.001"/>
  <testcase classname="com.test.InvokationCountTest" name="sum" time="0.003"/>
  <testcase classname="com.test.InvokationCountTest" name="sum" time="0.001"/>
  <testcase classname="com.test.InvokationCountTest" name="sum" time="0.003"/>
</testsuite> <!-- com.test.InvokationCountTest -->
