<?xml version="1.0" encoding="UTF-8"?>
<!-- Generated by org.testng.reporters.JUnitReportReporter -->
<testsuite hostname="DESKTOP-SFK9CP8" failures="0" tests="6" name="com.test.GoogleTest" time="90.196" errors="0" timestamp="2019-12-15T17:21:13 CST" skipped="0">
  <testcase classname="com.test.GoogleTest" name="googletitle" time="14.080"/>
  <testcase classname="com.test.GoogleTest" name="maillist" time="14.992"/>
  <testcase classname="com.test.GoogleTest" name="googlelogotest" time="18.119"/>
  <testcase classname="com.test.GoogleTest" name="test1" time="14.845"/>
  <testcase classname="com.test.GoogleTest" name="test2" time="15.018"/>
  <testcase classname="com.test.GoogleTest" name="test3" time="13.142"/>
</testsuite> <!-- com.test.GoogleTest -->
