<?xml version="1.0" encoding="UTF-8"?>
<!-- Generated by org.testng.reporters.JUnitReportReporter -->
<testsuite hostname="DESKTOP-SFK9CP8" failures="0" tests="2" name="com.test.TestNGFeatures" time="0.004" errors="0" timestamp="2019-12-15T17:21:13 CST" skipped="0">
  <testcase classname="com.test.TestNGFeatures" name="Test2" time="0.002"/>
  <testcase classname="com.test.TestNGFeatures" name="Test1" time="0.002"/>
</testsuite> <!-- com.test.TestNGFeatures -->
