<?xml version="1.0" encoding="UTF-8"?>
<!-- Generated by org.testng.reporters.JUnitReportReporter -->
<testsuite hostname="DESKTOP-SFK9CP8" failures="0" tests="2" name="com.test.TestNgBasics" time="0.010" errors="0" timestamp="2019-12-15T17:21:13 CST" skipped="0">
  <testcase classname="com.test.TestNgBasics" name="googleTitleTest" time="0.009"/>
  <testcase classname="com.test.TestNgBasics" name="SearchTest" time="0.001"/>
</testsuite> <!-- com.test.TestNgBasics -->
